2024-07-08 13:15:24,591 [INFO] Activator:176 - 


2024-07-08 13:15:24,599 [INFO] Activator:177 - !SESSION log4j initialized
2024-07-08 13:15:32,511 [INFO] LogOutputStream:77 - [STDOUT_REDIRECT] 
2024-07-08 13:15:41,620 [INFO] ApplicationProperties:184 - Using Application install path: C:\ST\STM32CubeIDE_1.15.1\STM32CubeIDE\plugins\com.st.stm32cube.common.mx_6.11.1.202404110753
2024-07-08 13:15:41,674 [INFO] DbMcusXml:78 - Set database path to: C:\ST\STM32CubeIDE_1.15.1\STM32CubeIDE\plugins\com.st.stm32cube.common.mx_6.11.1.202404110753\\db\/mcu/
2024-07-08 13:15:41,675 [INFO] ApiDb:274 - Set plugin database path to: C:\ST\STM32CubeIDE_1.15.1\STM32CubeIDE\plugins\com.st.stm32cube.common.mx_6.11.1.202404110753\\db\/plugins/boardmanager/
2024-07-08 13:15:41,676 [WARN] ApiDb:259 - Overriding images path with different value:  => C:\ST\STM32CubeIDE_1.15.1\STM32CubeIDE\plugins\com.st.stm32cube.common.mx_6.11.1.202404110753\\db\/plugins/mcufinder/images/
2024-07-08 13:15:41,721 [INFO] ApiDb:250 - Set database path to: C:\Users\Pc\.stmcufinder\plugins\mcufinder//mcu/
2024-07-08 13:15:41,726 [INFO] DbMcusAds:125 - Set database path to: C:\Users\Pc\.stmcufinder\plugins\mcufinder//mcu/
2024-07-08 13:15:41,733 [INFO] CrossReferenceDbSqlite:203 - Set database path to: C:\Users\Pc\.stmcufinder\plugins\mcufinder//mcu/cs/
2024-07-08 13:15:42,230 [INFO] RulesReader:64 - Compatibility file has been processed (297 Rules)
2024-07-08 13:15:42,762 [INFO] DbMcusXml:78 - Set database path to: C:\ST\STM32CubeIDE_1.15.1\STM32CubeIDE\plugins\com.st.stm32cube.common.mx_6.11.1.202404110753\\db\/mcu/
2024-07-08 13:15:42,762 [INFO] ApiDb:274 - Set plugin database path to: C:\ST\STM32CubeIDE_1.15.1\STM32CubeIDE\plugins\com.st.stm32cube.common.mx_6.11.1.202404110753\\db\/plugins/boardmanager/
2024-07-08 13:15:42,763 [INFO] ApiDb:261 - Set plugin images path to: C:\ST\STM32CubeIDE_1.15.1\STM32CubeIDE\plugins\com.st.stm32cube.common.mx_6.11.1.202404110753\\db\/plugins/mcufinder/images/
2024-07-08 13:15:42,763 [WARN] DbFile:41 - Overriding database path with different value: C:\Users\Pc\.stmcufinder\plugins\mcufinder/ => C:\Users\Pc\.stmcufinder\plugins\mcufinder
2024-07-08 13:15:42,764 [INFO] ApiDb:250 - Set database path to: C:\Users\Pc\.stmcufinder\plugins\mcufinder//mcu/
2024-07-08 13:15:42,764 [WARN] DbFile:41 - Overriding database path with different value: C:\Users\Pc\.stmcufinder\plugins\mcufinder/ => C:\Users\Pc\.stmcufinder\plugins\mcufinder
2024-07-08 13:15:42,764 [INFO] DbMcusAds:125 - Set database path to: C:\Users\Pc\.stmcufinder\plugins\mcufinder//mcu/
2024-07-08 13:15:42,765 [WARN] DbFile:41 - Overriding database path with different value: C:\Users\Pc\.stmcufinder\plugins\mcufinder/ => C:\Users\Pc\.stmcufinder\plugins\mcufinder
2024-07-08 13:15:42,765 [WARN] DbFile:41 - Overriding database path with different value: C:\Users\Pc\.stmcufinder\plugins\mcufinder/ => C:\Users\Pc\.stmcufinder\plugins\mcufinder
2024-07-08 13:15:42,765 [INFO] CrossReferenceDbSqlite:203 - Set database path to: C:\Users\Pc\.stmcufinder\plugins\mcufinder//mcu/cs/
2024-07-08 13:15:43,300 [INFO] MainPanel:264 - HeapMemory: 268435456
2024-07-08 13:15:43,567 [INFO] DbMcusXml:78 - Set database path to: C:\ST\STM32CubeIDE_1.15.1\STM32CubeIDE\plugins\com.st.stm32cube.common.mx_6.11.1.202404110753\\db\/mcu/
2024-07-08 13:15:43,567 [INFO] ApiDb:274 - Set plugin database path to: C:\ST\STM32CubeIDE_1.15.1\STM32CubeIDE\plugins\com.st.stm32cube.common.mx_6.11.1.202404110753\\db\/plugins/boardmanager/
2024-07-08 13:15:43,568 [INFO] ApiDb:261 - Set plugin images path to: C:\ST\STM32CubeIDE_1.15.1\STM32CubeIDE\plugins\com.st.stm32cube.common.mx_6.11.1.202404110753\\db\/plugins/mcufinder/images/
2024-07-08 13:15:43,569 [WARN] DbFile:41 - Overriding database path with different value: C:\Users\Pc\.stmcufinder\plugins\mcufinder/ => C:\Users\Pc\.stmcufinder\plugins\mcufinder
2024-07-08 13:15:43,570 [INFO] ApiDb:250 - Set database path to: C:\Users\Pc\.stmcufinder\plugins\mcufinder//mcu/
2024-07-08 13:15:43,570 [WARN] DbFile:41 - Overriding database path with different value: C:\Users\Pc\.stmcufinder\plugins\mcufinder/ => C:\Users\Pc\.stmcufinder\plugins\mcufinder
2024-07-08 13:15:43,571 [INFO] DbMcusAds:125 - Set database path to: C:\Users\Pc\.stmcufinder\plugins\mcufinder//mcu/
2024-07-08 13:15:43,571 [WARN] DbFile:41 - Overriding database path with different value: C:\Users\Pc\.stmcufinder\plugins\mcufinder/ => C:\Users\Pc\.stmcufinder\plugins\mcufinder
2024-07-08 13:15:43,571 [WARN] DbFile:41 - Overriding database path with different value: C:\Users\Pc\.stmcufinder\plugins\mcufinder/ => C:\Users\Pc\.stmcufinder\plugins\mcufinder
2024-07-08 13:15:43,638 [INFO] CrossReferenceDbSqlite:203 - Set database path to: C:\Users\Pc\.stmcufinder\plugins\mcufinder//mcu/cs/
2024-07-08 13:15:43,720 [INFO] ApplicationProperties:184 - Using Application install path: C:\ST\STM32CubeIDE_1.15.1\STM32CubeIDE\plugins\com.st.stm32cube.common.mx_6.11.1.202404110753
2024-07-08 13:15:43,724 [INFO] PluginManage:196 - Search for loadable plugins [exclusion list=, ]
2024-07-08 13:15:43,756 [INFO] PluginManage:310 - Check plugin analytics
2024-07-08 13:15:44,514 [INFO] AnalyticsPlugin:253 - Accepted Software Licenses: 
2024-07-08 13:15:44,515 [INFO] AnalyticsPlugin:255 - Accepted CMSIS Pack Licenses: 
2024-07-08 13:15:44,516 [INFO] AnalyticsPlugin:257 - Accepted Firmware Licenses: FW.F4.1.28.0
2024-07-08 13:15:44,543 [INFO] PluginManage:359 - Loaded plugin analytics (category:tool,tabindex:-1)
2024-07-08 13:15:44,545 [INFO] PluginManage:310 - Check plugin cadmodel
2024-07-08 13:15:44,563 [INFO] CADModel:105 - Init CAD model plugin
2024-07-08 13:15:44,563 [INFO] PluginManage:359 - Loaded plugin cadmodel (category:power,tabindex:5)
2024-07-08 13:15:44,564 [INFO] PluginManage:310 - Check plugin clock
2024-07-08 13:15:44,597 [INFO] PluginManage:359 - Loaded plugin clock (category:base,tabindex:2)
2024-07-08 13:15:44,597 [INFO] PluginManage:310 - Check plugin ddr
2024-07-08 13:15:44,605 [INFO] PluginManage:359 - Loaded plugin ddr (category:tool,tabindex:6)
2024-07-08 13:15:44,605 [INFO] PluginManage:310 - Check plugin filemanager
2024-07-08 13:15:45,340 [INFO] PluginManage:359 - Loaded plugin filemanager (category:base,tabindex:10)
2024-07-08 13:15:45,341 [INFO] PluginManage:310 - Check plugin ipmanager
2024-07-08 13:15:45,374 [INFO] PluginManage:359 - Loaded plugin ipmanager (category:base,tabindex:5)
2024-07-08 13:15:45,375 [INFO] PluginManage:310 - Check plugin lpbam
2024-07-08 13:15:45,403 [INFO] PluginManage:359 - Loaded plugin lpbam (category:base,tabindex:0)
2024-07-08 13:15:45,403 [INFO] PluginManage:310 - Check plugin memorymap
2024-07-08 13:15:45,451 [INFO] PluginManage:359 - Loaded plugin memorymap (category:base,tabindex:4)
2024-07-08 13:15:45,451 [INFO] PluginManage:310 - Check plugin pinoutandconfiguration
2024-07-08 13:15:45,473 [INFO] PluginManage:359 - Loaded plugin pinoutandconfiguration (category:base,tabindex:1)
2024-07-08 13:15:45,473 [INFO] PluginManage:310 - Check plugin pinoutconfig
2024-07-08 13:15:45,822 [WARN] SupportedApi:132 - Cannot load RTOS API schema: s4s-elt-must-match.1: The content of 'definitions' must match (annotation?, (simpleType | complexType)?, (unique | key | keyref)*)). A problem was found starting at: attribute.
2024-07-08 13:15:46,328 [INFO] PluginManage:359 - Loaded plugin pinoutconfig (category:base,tabindex:0)
2024-07-08 13:15:46,328 [INFO] PluginManage:310 - Check plugin power
2024-07-08 13:15:46,382 [INFO] PluginManage:359 - Loaded plugin power (category:power,tabindex:4)
2024-07-08 13:15:46,382 [INFO] PluginManage:310 - Check plugin projectmanager
2024-07-08 13:15:46,464 [INFO] PluginManage:359 - Loaded plugin projectmanager (category:projectmanager,tabindex:3)
2024-07-08 13:15:46,464 [INFO] PluginManage:310 - Check plugin thirdparty
2024-07-08 13:15:46,865 [INFO] PluginManage:359 - Loaded plugin thirdparty (category:base,tabindex:-1)
2024-07-08 13:15:46,866 [INFO] PluginManage:310 - Check plugin tools
2024-07-08 13:15:46,865 [WARN] IntegrityCheckThread:84 - waiting for thirdparty lock release [integrity check]
2024-07-08 13:15:46,868 [INFO] IntegrityCheckThread:86 - entering critical section [integrity check]
2024-07-08 13:15:46,869 [INFO] ThirdPartyUpdaterWithRetryManager:70 - Updater plugin not ready yet. [1/15]
2024-07-08 13:15:46,873 [INFO] PluginManage:359 - Loaded plugin tools (category:base,tabindex:7)
2024-07-08 13:15:46,873 [INFO] PluginManage:310 - Check plugin tutovideos
2024-07-08 13:15:47,631 [INFO] PluginManage:359 - Loaded plugin tutovideos (category:base,tabindex:-1)
2024-07-08 13:15:47,632 [INFO] PluginManage:310 - Check plugin updater
2024-07-08 13:15:47,665 [INFO] PluginManage:359 - Loaded plugin updater (category:base,tabindex:12)
2024-07-08 13:15:47,666 [INFO] PluginManage:310 - Check plugin userauth
2024-07-08 13:15:47,684 [INFO] UserAuth:114 - Init User Auth plugin
2024-07-08 13:15:47,685 [INFO] PluginManage:359 - Loaded plugin userauth (category:base,tabindex:14)
2024-07-08 13:15:47,686 [INFO] PluginManage:283 - PluginManage : Loaded plugins [17]
2024-07-08 13:15:48,750 [INFO] PinOutPanel:1561 - setPackage(No Configuration,No Configuration)
2024-07-08 13:15:49,269 [INFO] CADModel:165 - CPN selected for project level
2024-07-08 13:15:49,269 [INFO] CADModel:114 - Register for checkConnection events
2024-07-08 13:15:49,310 [INFO] IPUIPlugin:80 - create IPUIPlugin
2024-07-08 13:15:49,311 [INFO] PluginManager:220 - loadIPPluginJar : add adc
2024-07-08 13:15:49,318 [INFO] IPUIPlugin:80 - create IPUIPlugin
2024-07-08 13:15:49,318 [INFO] PluginManager:220 - loadIPPluginJar : add aes
2024-07-08 13:15:49,329 [INFO] IPUIPlugin:80 - create IPUIPlugin
2024-07-08 13:15:49,329 [INFO] PluginManager:220 - loadIPPluginJar : add can
2024-07-08 13:15:49,333 [INFO] IPUIPlugin:80 - create IPUIPlugin
2024-07-08 13:15:49,333 [INFO] PluginManager:220 - loadIPPluginJar : add comp
2024-07-08 13:15:49,340 [INFO] IPUIPlugin:80 - create IPUIPlugin
2024-07-08 13:15:49,341 [INFO] PluginManager:220 - loadIPPluginJar : add cryp
2024-07-08 13:15:49,346 [INFO] IPUIPlugin:80 - create IPUIPlugin
2024-07-08 13:15:49,347 [INFO] PluginManager:220 - loadIPPluginJar : add dfsdm
2024-07-08 13:15:49,359 [INFO] IPUIPlugin:80 - create IPUIPlugin
2024-07-08 13:15:49,360 [INFO] PluginManager:220 - loadIPPluginJar : add dma
2024-07-08 13:15:49,366 [INFO] IPUIPlugin:80 - create IPUIPlugin
2024-07-08 13:15:49,366 [INFO] PluginManager:220 - loadIPPluginJar : add dma3
2024-07-08 13:15:49,372 [INFO] IPUIPlugin:80 - create IPUIPlugin
2024-07-08 13:15:49,373 [INFO] PluginManager:220 - loadIPPluginJar : add extmemmanager
2024-07-08 13:15:49,377 [INFO] IPUIPlugin:80 - create IPUIPlugin
2024-07-08 13:15:49,377 [INFO] PluginManager:220 - loadIPPluginJar : add fatfs
2024-07-08 13:15:49,388 [INFO] IPUIPlugin:80 - create IPUIPlugin
2024-07-08 13:15:49,389 [INFO] PluginManager:220 - loadIPPluginJar : add fmc
2024-07-08 13:15:49,401 [INFO] IPUIPlugin:80 - create IPUIPlugin
2024-07-08 13:15:49,402 [INFO] PluginManager:220 - loadIPPluginJar : add freertos
2024-07-08 13:15:49,407 [INFO] IPUIPlugin:80 - create IPUIPlugin
2024-07-08 13:15:49,408 [INFO] PluginManager:220 - loadIPPluginJar : add genericplugin
2024-07-08 13:15:49,414 [INFO] IPUIPlugin:80 - create IPUIPlugin
2024-07-08 13:15:49,414 [INFO] PluginManager:220 - loadIPPluginJar : add gfxmmu
2024-07-08 13:15:49,432 [INFO] IPUIPlugin:80 - create IPUIPlugin
2024-07-08 13:15:49,433 [INFO] PluginManager:220 - loadIPPluginJar : add gic
2024-07-08 13:15:49,448 [INFO] IPUIPlugin:80 - create IPUIPlugin
2024-07-08 13:15:49,448 [INFO] PluginManager:220 - loadIPPluginJar : add gpio
2024-07-08 13:15:49,459 [INFO] IPUIPlugin:80 - create IPUIPlugin
2024-07-08 13:15:49,459 [INFO] PluginManager:220 - loadIPPluginJar : add gtzc
2024-07-08 13:15:49,467 [INFO] IPUIPlugin:80 - create IPUIPlugin
2024-07-08 13:15:49,467 [INFO] PluginManager:220 - loadIPPluginJar : add hash
2024-07-08 13:15:49,477 [INFO] IPUIPlugin:80 - create IPUIPlugin
2024-07-08 13:15:49,477 [INFO] PluginManager:220 - loadIPPluginJar : add i2c
2024-07-08 13:15:49,484 [INFO] IPUIPlugin:80 - create IPUIPlugin
2024-07-08 13:15:49,485 [INFO] PluginManager:220 - loadIPPluginJar : add i2s
2024-07-08 13:15:49,498 [INFO] IPUIPlugin:80 - create IPUIPlugin
2024-07-08 13:15:49,499 [INFO] PluginManager:220 - loadIPPluginJar : add i3c
2024-07-08 13:15:49,513 [INFO] IPUIPlugin:80 - create IPUIPlugin
2024-07-08 13:15:49,514 [INFO] PluginManager:220 - loadIPPluginJar : add ipddr
2024-07-08 13:15:49,546 [INFO] IPUIPlugin:80 - create IPUIPlugin
2024-07-08 13:15:49,550 [INFO] PluginManager:220 - loadIPPluginJar : add linkedlist
2024-07-08 13:15:49,560 [INFO] IPUIPlugin:80 - create IPUIPlugin
2024-07-08 13:15:49,560 [INFO] PluginManager:220 - loadIPPluginJar : add lorawan
2024-07-08 13:15:49,563 [INFO] IPUIPlugin:80 - create IPUIPlugin
2024-07-08 13:15:49,564 [INFO] PluginManager:220 - loadIPPluginJar : add ltdc
2024-07-08 13:15:49,577 [INFO] IPUIPlugin:80 - create IPUIPlugin
2024-07-08 13:15:49,578 [INFO] PluginManager:220 - loadIPPluginJar : add mdma
2024-07-08 13:15:49,583 [INFO] IPUIPlugin:80 - create IPUIPlugin
2024-07-08 13:15:49,584 [INFO] PluginManager:220 - loadIPPluginJar : add nvic
2024-07-08 13:15:49,591 [INFO] IPUIPlugin:80 - create IPUIPlugin
2024-07-08 13:15:49,592 [INFO] PluginManager:220 - loadIPPluginJar : add opamp
2024-07-08 13:15:49,601 [INFO] IPUIPlugin:80 - create IPUIPlugin
2024-07-08 13:15:49,601 [INFO] PluginManager:220 - loadIPPluginJar : add openamp
2024-07-08 13:15:49,614 [INFO] IPUIPlugin:80 - create IPUIPlugin
2024-07-08 13:15:49,615 [INFO] PluginManager:220 - loadIPPluginJar : add pdm2pcm
2024-07-08 13:15:49,633 [INFO] IPUIPlugin:80 - create IPUIPlugin
2024-07-08 13:15:49,638 [INFO] PluginManager:220 - loadIPPluginJar : add plateformsettings
2024-07-08 13:15:49,644 [INFO] IPUIPlugin:80 - create IPUIPlugin
2024-07-08 13:15:49,645 [INFO] PluginManager:220 - loadIPPluginJar : add quadspi
2024-07-08 13:15:49,650 [INFO] IPUIPlugin:80 - create IPUIPlugin
2024-07-08 13:15:49,651 [INFO] PluginManager:220 - loadIPPluginJar : add resmgrutility
2024-07-08 13:15:49,658 [INFO] IPUIPlugin:80 - create IPUIPlugin
2024-07-08 13:15:49,658 [INFO] PluginManager:220 - loadIPPluginJar : add sai
2024-07-08 13:15:49,665 [INFO] IPUIPlugin:80 - create IPUIPlugin
2024-07-08 13:15:49,665 [INFO] PluginManager:220 - loadIPPluginJar : add spi
2024-07-08 13:15:49,677 [INFO] IPUIPlugin:80 - create IPUIPlugin
2024-07-08 13:15:49,677 [INFO] PluginManager:220 - loadIPPluginJar : add stm32_wpan
2024-07-08 13:15:49,681 [INFO] IPUIPlugin:80 - create IPUIPlugin
2024-07-08 13:15:49,681 [INFO] PluginManager:220 - loadIPPluginJar : add tim
2024-07-08 13:15:49,688 [INFO] IPUIPlugin:80 - create IPUIPlugin
2024-07-08 13:15:49,688 [INFO] PluginManager:220 - loadIPPluginJar : add touchsensing
2024-07-08 13:15:49,694 [INFO] IPUIPlugin:80 - create IPUIPlugin
2024-07-08 13:15:49,695 [INFO] PluginManager:220 - loadIPPluginJar : add tracer_emb
2024-07-08 13:15:49,698 [INFO] IPUIPlugin:80 - create IPUIPlugin
2024-07-08 13:15:49,698 [INFO] PluginManager:220 - loadIPPluginJar : add ts
2024-07-08 13:15:49,702 [INFO] IPUIPlugin:80 - create IPUIPlugin
2024-07-08 13:15:49,702 [INFO] PluginManager:220 - loadIPPluginJar : add tsc
2024-07-08 13:15:49,710 [INFO] IPUIPlugin:80 - create IPUIPlugin
2024-07-08 13:15:49,711 [INFO] PluginManager:220 - loadIPPluginJar : add ucpd
2024-07-08 13:15:49,717 [INFO] IPUIPlugin:80 - create IPUIPlugin
2024-07-08 13:15:49,718 [INFO] PluginManager:220 - loadIPPluginJar : add usart
2024-07-08 13:15:49,724 [INFO] IPUIPlugin:80 - create IPUIPlugin
2024-07-08 13:15:49,725 [INFO] PluginManager:220 - loadIPPluginJar : add usbx
2024-07-08 13:15:49,871 [INFO] ThirdPartyUpdaterWithRetryManager:70 - Updater plugin not ready yet. [2/15]
2024-07-08 13:15:50,120 [INFO] CADModel:165 - CPN selected for project level
2024-07-08 13:15:50,120 [INFO] CADModel:114 - Register for checkConnection events
2024-07-08 13:15:50,121 [FATAL] Updater:308 - Updater called before beeing initialized
2024-07-08 13:15:50,121 [ERROR] CADModel:125 - Updater not yet initialized, retry later 
2024-07-08 13:15:50,656 [INFO] CADModel:165 - CPN selected for project level
2024-07-08 13:15:50,656 [INFO] CADModel:114 - Register for checkConnection events
2024-07-08 13:15:50,656 [FATAL] Updater:308 - Updater called before beeing initialized
2024-07-08 13:15:50,657 [ERROR] CADModel:125 - Updater not yet initialized, retry later 
2024-07-08 13:15:50,666 [FATAL] Updater:308 - Updater called before beeing initialized
2024-07-08 13:15:51,098 [FATAL] Updater:308 - Updater called before beeing initialized
2024-07-08 13:15:51,113 [INFO] DbMcusAds:53 - JSON generation date=Thu May 16 11:22:00 CEST 2024 (1715851320667)
2024-07-08 13:15:51,113 [FATAL] Updater:308 - Updater called before beeing initialized
2024-07-08 13:15:51,335 [WARN] DetailPanel:346 - Failed to get advertising image, set to default
2024-07-08 13:15:51,785 [FATAL] Updater:308 - Updater called before beeing initialized
2024-07-08 13:15:51,800 [FATAL] Updater:308 - Updater called before beeing initialized
2024-07-08 13:15:51,800 [FATAL] Updater:308 - Updater called before beeing initialized
2024-07-08 13:15:51,801 [WARN] DetailPanel:346 - Failed to get advertising image, set to default
2024-07-08 13:15:51,804 [FATAL] Updater:308 - Updater called before beeing initialized
2024-07-08 13:15:52,047 [ERROR] Updater:1120 - MainUpdater not yet initialized. External WinMGr cannot be set.
2024-07-08 13:15:52,053 [INFO] Updater:1056 - Updater Version found : 6.11.1
2024-07-08 13:15:52,104 [INFO] ApplicationProperties:184 - Using Application install path: C:\ST\STM32CubeIDE_1.15.1\STM32CubeIDE\plugins\com.st.stm32cube.common.mx_6.11.1.202404110753
2024-07-08 13:15:52,874 [INFO] ThirdPartyUpdaterWithRetryManager:70 - Updater plugin not ready yet. [3/15]
2024-07-08 13:15:53,715 [ERROR] LogOutputStream:75 - [STDERR_REDIRECT] Jul 08, 2024 1:15:53 PM java.util.prefs.WindowsPreferences <init>
2024-07-08 13:15:53,723 [ERROR] LogOutputStream:75 - [STDERR_REDIRECT] WARNING: Could not open/create prefs root node Software\JavaSoft\Prefs at root 0xffffffff80000002. Windows RegCreateKeyEx(...) returned error code 5.
2024-07-08 13:15:53,724 [ERROR] LogOutputStream:75 - [STDERR_REDIRECT] 
2024-07-08 13:15:54,917 [INFO] MainUpdater:2873 - connection check result : 10
2024-07-08 13:15:54,921 [INFO] MainUpdater:290 - Updater Check For Update Now.
2024-07-08 13:15:54,922 [INFO] MicroXplorer:498 - Change Database Version : DB.6.0.111
2024-07-08 13:15:54,939 [INFO] McuFinderGlobals:63 - Set McuFinder mode to 2 (CubeIDE integrated)
2024-07-08 13:15:54,961 [INFO] UserAuth:415 - Internet connection configuration mode: 1
2024-07-08 13:15:55,012 [INFO] JxBrowserEngine:152 - Initiate JxBrowser Engine with user profile folder
2024-07-08 13:15:55,876 [WARN] MainUpdater:1194 - Updater busy. Cannot search thirdparties
2024-07-08 13:15:55,877 [INFO] ThirdPartyUpdaterWithRetryManager:96 - Updater plugin is busy. [1/15]
2024-07-08 13:15:55,893 [INFO] CheckServerUpdateThread:120 - End of CheckServer Thread
2024-07-08 13:15:59,755 [WARN] PackLoader:240 - Cannot read IP mode file for STMicroelectronics.FP-SNS-MOTENVWB1.1.4.0
2024-07-08 13:15:59,796 [WARN] PackLoader:240 - Cannot read IP mode file for STMicroelectronics.X-CUBE-SMBUS.2.1.0
2024-07-08 13:15:59,816 [WARN] PackLoader:240 - Cannot read IP mode file for STMicroelectronics.X-CUBE-TOUCHGFX.4.23.2
2024-07-08 13:16:00,110 [WARN] PackLoader:240 - Cannot read IP mode file for STMicroelectronics.X-CUBE-AZRTOS-F7.1.1.0
2024-07-08 13:16:00,195 [WARN] PackLoader:240 - Cannot read IP mode file for STMicroelectronics.FP-SNS-FLIGHT1.5.0.2
2024-07-08 13:16:00,243 [WARN] PackLoader:240 - Cannot read IP mode file for STMicroelectronics.X-CUBE-DISPLAY.3.0.0
2024-07-08 13:16:00,298 [WARN] PackLoader:240 - Cannot read IP mode file for STMicroelectronics.X-CUBE-BLE1.7.0.0
2024-07-08 13:16:00,346 [WARN] PackLoader:240 - Cannot read IP mode file for emotas.I-CUBE-CANOPEN.1.3.0
2024-07-08 13:16:00,400 [WARN] PackLoader:240 - Cannot read IP mode file for STMicroelectronics.X-CUBE-BLEMGR.3.1.0
2024-07-08 13:16:00,430 [WARN] PackLoader:240 - Cannot read IP mode file for STMicroelectronics.FP-SNS-SMARTAG2.1.2.0
2024-07-08 13:16:00,508 [INFO] LogOutputStream:77 - [STDOUT_REDIRECT] 1 : Invalid condition id : UX_CORESTACK_Condition cause : null
2024-07-08 13:16:00,510 [INFO] LogOutputStream:77 - [STDOUT_REDIRECT] 1 : Invalid condition id : UX_CORESTACK_Condition cause : null
2024-07-08 13:16:00,516 [INFO] LogOutputStream:77 - [STDOUT_REDIRECT] 1 : Invalid condition id : UX_CORESTACK_Condition cause : null
2024-07-08 13:16:00,521 [INFO] LogOutputStream:77 - [STDOUT_REDIRECT] 1 : Invalid condition id : UX_CORESTACK_Condition cause : null
2024-07-08 13:16:00,526 [INFO] LogOutputStream:77 - [STDOUT_REDIRECT] 1 : Invalid condition id : UX_CORESTACK_Condition cause : null
2024-07-08 13:16:00,557 [WARN] PackLoader:240 - Cannot read IP mode file for STMicroelectronics.X-CUBE-AZRTOS-WL.2.0.0
2024-07-08 13:16:00,580 [WARN] PackLoader:240 - Cannot read IP mode file for STMicroelectronics.FP-SNS-MOTENV1.5.0.0
2024-07-08 13:16:00,608 [WARN] PackLoader:240 - Cannot read IP mode file for wolfSSL.I-CUBE-wolfMQTT.1.19.0
2024-07-08 13:16:00,635 [WARN] PackLoader:240 - Cannot read IP mode file for WES.I-CUBE-Cesium.1.3.0
2024-07-08 13:16:00,653 [WARN] PackLoader:240 - Cannot read IP mode file for STMicroelectronics.X-CUBE-BLE2.3.3.0
2024-07-08 13:16:00,673 [WARN] PackLoader:240 - Cannot read IP mode file for STMicroelectronics.X-CUBE-TCPP.4.1.0
2024-07-08 13:16:00,770 [WARN] PackLoader:240 - Cannot read IP mode file for STMicroelectronics.X-CUBE-AZRTOS-G0.1.1.0
2024-07-08 13:16:00,804 [WARN] PackLoader:240 - Cannot read IP mode file for STMicroelectronics.X-CUBE-SAFEA1.1.2.2
2024-07-08 13:16:00,839 [WARN] PackLoader:240 - Cannot read IP mode file for STMicroelectronics.X-CUBE-NFC4.3.0.0
2024-07-08 13:16:00,885 [WARN] PackLoader:240 - Cannot read IP mode file for EmbeddedOffice.I-CUBE-FS-RTOS.1.0.1
2024-07-08 13:16:00,886 [ERROR] ConditionMgr:805 - Attr not supported : Dmpu
2024-07-08 13:16:00,887 [ERROR] ConditionMgr:805 - Attr not supported : Dmpu
2024-07-08 13:16:00,887 [ERROR] ConditionMgr:805 - Attr not supported : Dmpu
2024-07-08 13:16:00,887 [ERROR] ConditionMgr:805 - Attr not supported : Dmpu
2024-07-08 13:16:00,887 [ERROR] ConditionMgr:805 - Attr not supported : Dmpu
2024-07-08 13:16:00,888 [ERROR] ConditionMgr:805 - Attr not supported : Dmpu
2024-07-08 13:16:00,888 [ERROR] ConditionMgr:805 - Attr not supported : Dmpu
2024-07-08 13:16:00,888 [ERROR] ConditionMgr:805 - Attr not supported : Dmpu
2024-07-08 13:16:00,888 [ERROR] ConditionMgr:805 - Attr not supported : Dmpu
2024-07-08 13:16:00,889 [ERROR] ConditionMgr:805 - Attr not supported : Dmpu
2024-07-08 13:16:00,889 [ERROR] ConditionMgr:805 - Attr not supported : Dmpu
2024-07-08 13:16:00,889 [ERROR] ConditionMgr:805 - Attr not supported : Dmpu
2024-07-08 13:16:00,889 [ERROR] ConditionMgr:805 - Attr not supported : Dmpu
2024-07-08 13:16:00,890 [ERROR] ConditionMgr:805 - Attr not supported : Dmpu
2024-07-08 13:16:00,890 [ERROR] ConditionMgr:805 - Attr not supported : Dmpu
2024-07-08 13:16:00,890 [ERROR] ConditionMgr:805 - Attr not supported : Dmpu
2024-07-08 13:16:00,890 [ERROR] ConditionMgr:805 - Attr not supported : Dmpu
2024-07-08 13:16:00,890 [ERROR] ConditionMgr:805 - Attr not supported : Dmpu
2024-07-08 13:16:00,891 [ERROR] ConditionMgr:805 - Attr not supported : Dmpu
2024-07-08 13:16:00,891 [ERROR] ConditionMgr:805 - Attr not supported : Dmpu
2024-07-08 13:16:00,891 [ERROR] ConditionMgr:805 - Attr not supported : Dmpu
2024-07-08 13:16:00,891 [ERROR] ConditionMgr:805 - Attr not supported : Dmpu
2024-07-08 13:16:00,892 [ERROR] ConditionMgr:805 - Attr not supported : Dmpu
2024-07-08 13:16:00,892 [ERROR] ConditionMgr:805 - Attr not supported : Dmpu
2024-07-08 13:16:00,892 [ERROR] ConditionMgr:805 - Attr not supported : Dmpu
2024-07-08 13:16:00,892 [ERROR] ConditionMgr:805 - Attr not supported : Dmpu
2024-07-08 13:16:00,892 [ERROR] ConditionMgr:805 - Attr not supported : Dmpu
2024-07-08 13:16:00,893 [ERROR] ConditionMgr:805 - Attr not supported : Dmpu
2024-07-08 13:16:00,893 [ERROR] ConditionMgr:805 - Attr not supported : Dmpu
2024-07-08 13:16:00,893 [ERROR] ConditionMgr:805 - Attr not supported : Dmpu
2024-07-08 13:16:00,893 [ERROR] ConditionMgr:805 - Attr not supported : Dmpu
2024-07-08 13:16:00,894 [ERROR] ConditionMgr:805 - Attr not supported : Dmpu
2024-07-08 13:16:00,894 [ERROR] ConditionMgr:805 - Attr not supported : Dmpu
2024-07-08 13:16:00,894 [ERROR] ConditionMgr:805 - Attr not supported : Dmpu
2024-07-08 13:16:00,894 [ERROR] ConditionMgr:805 - Attr not supported : Dmpu
2024-07-08 13:16:00,895 [ERROR] ConditionMgr:805 - Attr not supported : Dmpu
2024-07-08 13:16:00,895 [ERROR] ConditionMgr:805 - Attr not supported : Dmpu
2024-07-08 13:16:00,895 [ERROR] ConditionMgr:805 - Attr not supported : Dmpu
2024-07-08 13:16:00,896 [ERROR] ConditionMgr:805 - Attr not supported : Dmpu
2024-07-08 13:16:00,896 [ERROR] ConditionMgr:805 - Attr not supported : Dmpu
2024-07-08 13:16:00,896 [ERROR] ConditionMgr:805 - Attr not supported : Dmpu
2024-07-08 13:16:00,897 [ERROR] ConditionMgr:805 - Attr not supported : Dmpu
2024-07-08 13:16:00,897 [ERROR] ConditionMgr:805 - Attr not supported : Dmpu
2024-07-08 13:16:00,897 [ERROR] ConditionMgr:805 - Attr not supported : Dmpu
2024-07-08 13:16:00,898 [ERROR] ConditionMgr:805 - Attr not supported : Dmpu
2024-07-08 13:16:00,898 [ERROR] ConditionMgr:805 - Attr not supported : Dmpu
2024-07-08 13:16:00,898 [ERROR] ConditionMgr:805 - Attr not supported : Dmpu
2024-07-08 13:16:00,898 [ERROR] ConditionMgr:805 - Attr not supported : Dmpu
2024-07-08 13:16:00,899 [ERROR] ConditionMgr:805 - Attr not supported : Dmpu
2024-07-08 13:16:00,899 [ERROR] ConditionMgr:805 - Attr not supported : Dmpu
2024-07-08 13:16:00,899 [ERROR] ConditionMgr:805 - Attr not supported : Dmpu
2024-07-08 13:16:00,900 [ERROR] ConditionMgr:805 - Attr not supported : Dmpu
2024-07-08 13:16:00,900 [ERROR] ConditionMgr:805 - Attr not supported : Dmpu
2024-07-08 13:16:00,900 [ERROR] ConditionMgr:805 - Attr not supported : Dmpu
2024-07-08 13:16:00,900 [ERROR] ConditionMgr:805 - Attr not supported : Dmpu
2024-07-08 13:16:00,901 [ERROR] ConditionMgr:805 - Attr not supported : Dmpu
2024-07-08 13:16:00,901 [ERROR] ConditionMgr:805 - Attr not supported : Dmpu
2024-07-08 13:16:00,901 [ERROR] ConditionMgr:805 - Attr not supported : Dmpu
2024-07-08 13:16:00,901 [ERROR] ConditionMgr:805 - Attr not supported : Dmpu
2024-07-08 13:16:00,902 [ERROR] ConditionMgr:805 - Attr not supported : Dmpu
2024-07-08 13:16:00,902 [ERROR] ConditionMgr:805 - Attr not supported : Dmpu
2024-07-08 13:16:00,902 [ERROR] ConditionMgr:805 - Attr not supported : Dmpu
2024-07-08 13:16:00,903 [ERROR] ConditionMgr:805 - Attr not supported : Dmpu
2024-07-08 13:16:00,903 [ERROR] ConditionMgr:805 - Attr not supported : Dmpu
2024-07-08 13:16:00,921 [WARN] PackLoader:240 - Cannot read IP mode file for RealThread.X-CUBE-RT-Thread_Nano.4.1.1
2024-07-08 13:16:00,934 [WARN] PackLoader:240 - Cannot read IP mode file for wolfSSL.I-CUBE-wolfSSL.5.7.0
2024-07-08 13:16:00,956 [WARN] PackLoader:240 - Cannot read IP mode file for STMicroelectronics.FP-ATR-SIGFOX1.3.2.0
2024-07-08 13:16:00,978 [WARN] PackLoader:240 - Cannot read IP mode file for STMicroelectronics.X-CUBE-EEPRMA1.5.1.0
2024-07-08 13:16:01,003 [WARN] PackLoader:240 - Cannot read IP mode file for ITTIA_DB.I-CUBE-ITTIADB.8.9.0
2024-07-08 13:16:01,146 [WARN] PackLoader:240 - Cannot read IP mode file for SEGGER.I-CUBE-embOS.1.3.1
2024-07-08 13:16:01,360 [WARN] PackLoader:240 - Cannot read IP mode file for STMicroelectronics.X-CUBE-ALGOBUILD.1.4.0
2024-07-08 13:16:01,407 [WARN] PackLoader:240 - Cannot read IP mode file for STMicroelectronics.X-CUBE-GNSS1.6.0.0
2024-07-08 13:16:01,565 [WARN] PackLoader:240 - Cannot read IP mode file for STMicroelectronics.X-CUBE-AZRTOS-F4.1.1.0
2024-07-08 13:16:01,595 [WARN] PackLoader:240 - Cannot read IP mode file for STMicroelectronics.X-CUBE-FREERTOS.1.2.0
2024-07-08 13:16:01,651 [WARN] PackLoader:240 - Cannot read IP mode file for STMicroelectronics.X-CUBE-AZRTOS-L5.2.0.0
2024-07-08 13:16:01,682 [WARN] PackLoader:240 - Cannot read IP mode file for STMicroelectronics.X-CUBE-NFC6.3.1.0
2024-07-08 13:16:01,724 [WARN] PackLoader:240 - Cannot read IP mode file for STMicroelectronics.X-CUBE-DPower.1.2.0
2024-07-08 13:16:01,736 [WARN] PackLoader:240 - Cannot read IP mode file for STMicroelectronics.X-CUBE-AI.9.0.0
2024-07-08 13:16:01,752 [WARN] PackLoader:240 - Cannot read IP mode file for STMicroelectronics.X-CUBE-NFC7.1.0.1
2024-07-08 13:16:01,764 [WARN] PackLoader:240 - Cannot read IP mode file for wolfSSL.I-CUBE-wolfTPM.3.2.0
2024-07-08 13:16:01,844 [WARN] ConditionMgr:438 - getConditionDescription Invalid condition id : LAN8742 Phy interface Condition cause : null
2024-07-08 13:16:01,846 [WARN] PackLoader:240 - Cannot read IP mode file for STMicroelectronics.X-CUBE-AZRTOS-L4.2.0.0
2024-07-08 13:16:01,850 [WARN] ConditionMgr:1039 - genDependencies : Invalid condition id : LAN8742 Phy interface Condition cause : null
2024-07-08 13:16:01,851 [WARN] ConditionMgr:1039 - genDependencies : Invalid condition id : LAN8742 Phy interface Condition cause : null
2024-07-08 13:16:01,853 [WARN] ConditionMgr:1039 - genDependencies : Invalid condition id : LAN8742 Phy interface Condition cause : null
2024-07-08 13:16:01,876 [WARN] PackLoader:240 - Cannot read IP mode file for STMicroelectronics.X-CUBE-SFXS2LP1.4.0.0
2024-07-08 13:16:01,917 [WARN] ConditionMgr:438 - getConditionDescription Invalid condition id : UX DEVICE CLASS RTOS Condition cause : null
2024-07-08 13:16:01,917 [WARN] ConditionMgr:438 - getConditionDescription Invalid condition id : UX DEVICE CLASS RTOS Condition cause : null
2024-07-08 13:16:01,924 [WARN] PackLoader:240 - Cannot read IP mode file for STMicroelectronics.X-CUBE-AZRTOS-WB.2.0.0
2024-07-08 13:16:01,926 [WARN] ConditionMgr:1039 - genDependencies : Invalid condition id : UX DEVICE CLASS RTOS Condition cause : null
2024-07-08 13:16:01,927 [WARN] ConditionMgr:1039 - genDependencies : Invalid condition id : UX DEVICE CLASS RTOS Condition cause : null
2024-07-08 13:16:01,929 [WARN] ConditionMgr:1039 - genDependencies : Invalid condition id : UX DEVICE CLASS RTOS Condition cause : null
2024-07-08 13:16:01,929 [WARN] ConditionMgr:1039 - genDependencies : Invalid condition id : UX DEVICE CLASS RTOS Condition cause : null
2024-07-08 13:16:01,954 [WARN] ConditionMgr:1039 - genDependencies : Invalid condition id : UX DEVICE CLASS RTOS Condition cause : null
2024-07-08 13:16:01,988 [WARN] PackLoader:240 - Cannot read IP mode file for STMicroelectronics.X-CUBE-SUBG2.5.0.0
2024-07-08 13:16:02,017 [WARN] PackLoader:240 - Cannot read IP mode file for Cesanta.I-CUBE-Mongoose.7.13.0
2024-07-08 13:16:02,065 [WARN] PackLoader:240 - Cannot read IP mode file for STMicroelectronics.X-CUBE-AZRTOS-G4.2.0.0
2024-07-08 13:16:02,090 [WARN] PackLoader:240 - Cannot read IP mode file for STMicroelectronics.X-CUBE-ISPU.2.0.0
2024-07-08 13:16:02,102 [WARN] PackLoader:240 - Cannot read IP mode file for STMicroelectronics.X-CUBE-ALS.1.0.2
2024-07-08 13:16:02,253 [WARN] PackLoader:240 - Cannot read IP mode file for STMicroelectronics.X-CUBE-MEMS1.10.0.0
2024-07-08 13:16:02,850 [WARN] PackLoader:240 - Cannot read IP mode file for STMicroelectronics.X-CUBE-TOUCHGFX.4.24.0
2024-07-08 13:16:02,863 [WARN] PackLoader:240 - Cannot read IP mode file for portGmbH.I-Cube-SoM-uGOAL.1.1.0
2024-07-08 13:16:02,872 [WARN] PackLoader:240 - Cannot read IP mode file for STMicroelectronics.X-CUBE-ALS.1.0.1
2024-07-08 13:16:02,954 [WARN] PackLoader:240 - Cannot read IP mode file for STMicroelectronics.X-CUBE-AZRTOS-H7RS.1.0.0
2024-07-08 13:16:02,979 [WARN] PackLoader:240 - Cannot read IP mode file for STMicroelectronics.FP-ATR-ASTRA1.2.0.0
2024-07-08 13:16:03,013 [WARN] PackLoader:240 - Cannot read IP mode file for STMicroelectronics.X-CUBE-TOF1.3.4.1
2024-07-08 13:16:03,129 [WARN] PackLoader:240 - Cannot read IP mode file for STMicroelectronics.X-CUBE-AZRTOS-H7.3.2.0
2024-07-08 13:16:03,181 [WARN] PackLoader:240 - Cannot read IP mode file for Infineon.AIROC-Wi-Fi-Bluetooth-STM32.1.6.0
2024-07-08 13:16:03,217 [INFO] ThirdParty:978 - Integrity check success = true
2024-07-08 13:16:03,217 [INFO] IntegrityCheckThread:100 - exiting critical section [integrity check]
2024-07-08 13:16:03,217 [INFO] IntegrityCheckThread:103 - End integrity checks thread
2024-07-08 13:16:13,099 [INFO] WebApp:161 - Instantiating new browser for Auth
2024-07-08 13:16:15,115 [INFO] WebApp:779 - Register for checkConnection events
2024-07-08 13:16:15,115 [INFO] WebApp:414 - Apply proxy settings
2024-07-08 13:16:15,116 [INFO] WebApp:499 - Chromium requires no authentication
2024-07-08 13:16:15,144 [INFO] WebApp:442 - Direct internet connection detected
2024-07-08 13:16:15,784 [INFO] WebApp:192 - Starting web application
2024-07-08 13:16:15,784 [INFO] WebApp:544 - Web application path used C:\ST\STM32CubeIDE_1.15.1\STM32CubeIDE\plugins\com.st.stm32cube.common.mx_6.11.1.202404110753\db\plugins\mcufinder\reactClient1\index.html
